<?xml version="1.0" encoding="UTF-8"?>
<!-- Generated by org.testng.reporters.JUnitXMLReporter -->
<testsuite ignored="0" hostname="LAPTOP-4AJ8845Q" failures="0" tests="1" name="Test1" time="21.839" errors="0" timestamp="2020-09-06T11:46:17 BST">
  <testcase classname="E2ETest.Homepage" name="@BeforeTest initialize" time="21.593">
    <failure type="java.lang.NullPointerException">
      <![CDATA[java.lang.NullPointerException
at E2ETest.Homepage.initialize(Homepage.java:18)
... Removed 24 stack frames]]>
    </failure>
  </testcase> <!-- @BeforeTest initialize -->
  <testcase classname="E2ETest.Homepage" name="pagenavigation" time="0.0">
    <skipped/>
  </testcase> <!-- pagenavigation -->
</testsuite> <!-- Test1 -->
